[2m2024-12-30T14:35:42.446384Z[0m [31mERROR[0m [2mglazewm::common::commands::shell_exec[0m[2m:[0m [3merr_message[0m[2m=[0m"Failed to execute 'zebar'.\n\nError: The operation was canceled by the user. (0x800704C7)"
[2m2024-12-30T14:35:47.463381Z[0m [31mERROR[0m [2mglazewm[0m[2m:[0m Another instance of the application is already running.
[2m2024-12-30T14:35:52.710788Z[0m [31mERROR[0m [2mglazewm[0m[2m:[0m Another instance of the application is already running.
[2m2024-12-30T14:36:10.011766Z[0m [31mERROR[0m [2mglazewm::common::commands::shell_exec[0m[2m:[0m [3merr_message[0m[2m=[0m"Failed to execute 'zebar'.\n\nError: The operation was canceled by the user. (0x800704C7)"
[2m2024-12-30T16:50:08.103134Z[0m [31mERROR[0m [2mglazewm[0m[2m:[0m Another instance of the application is already running.
[2m2024-12-30T16:50:13.091220Z[0m [31mERROR[0m [2mglazewm[0m[2m:[0m Another instance of the application is already running.
[2m2025-01-02T19:35:55.981333Z[0m [31mERROR[0m [2mglazewm[0m[2m:[0m keybindings[49]: missing field `commands` at line 304 column 5
[2m2025-01-02T19:36:40.470623Z[0m [31mERROR[0m [2mglazewm[0m[2m:[0m keybindings[49]: missing field `commands` at line 304 column 5
[2m2025-01-02T19:38:14.820406Z[0m [31mERROR[0m [2mglazewm[0m[2m:[0m keybindings[24]: missing field `commands` at line 243 column 5
[2m2025-01-02T19:38:37.602187Z[0m [31mERROR[0m [2mglazewm[0m[2m:[0m keybindings[24].commands: unrecognized subcommand
 at line 243 column 15
[2m2025-01-02T19:38:49.314668Z[0m [31mERROR[0m [2mglazewm[0m[2m:[0m keybindings[24].commands: unrecognized subcommand
 at line 243 column 15
[2m2025-01-02T19:39:15.390565Z[0m [31mERROR[0m [2mglazewm[0m[2m:[0m keybindings[24].commands: unrecognized subcommand
 at line 243 column 15
[2m2025-01-02T19:40:09.556482Z[0m [31mERROR[0m [2mglazewm[0m[2m:[0m keybindings[25].commands: unrecognized subcommand
 at line 246 column 15
[2m2025-01-10T03:57:32.775776Z[0m [31mERROR[0m [2mglazewm[0m[2m:[0m Another instance of the application is already running.
[2m2025-01-24T12:46:01.682333Z[0m [31mERROR[0m [2mglazewm[0m[2m:[0m Another instance of the application is already running.
[2m2025-01-28T04:58:01.368456Z[0m [31mERROR[0m [2mglazewm[0m[2m:[0m Another instance of the application is already running.
[2m2025-01-29T18:01:39.762478Z[0m [31mERROR[0m [2mglazewm[0m[2m:[0m Another instance of the application is already running.
[2m2025-01-30T13:39:26.807382Z[0m [31mERROR[0m [2mglazewm[0m[2m:[0m Another instance of the application is already running.
[2m2025-02-07T19:42:15.640657Z[0m [31mERROR[0m [2mglazewm[0m[2m:[0m Access is denied. (0x80070005)
[2m2025-02-07T19:42:18.716977Z[0m [31mERROR[0m [2mglazewm[0m[2m:[0m Access is denied. (0x80070005)
[2m2025-02-07T19:42:20.749416Z[0m [31mERROR[0m [2mglazewm[0m[2m:[0m Access is denied. (0x80070005)
[2m2025-02-07T19:42:21.809744Z[0m [31mERROR[0m [2mglazewm[0m[2m:[0m Access is denied. (0x80070005)
[2m2025-02-07T19:42:25.727761Z[0m [31mERROR[0m [2mglazewm[0m[2m:[0m Access is denied. (0x80070005)
[2m2025-02-07T19:42:26.773583Z[0m [31mERROR[0m [2mglazewm[0m[2m:[0m Access is denied. (0x80070005)
[2m2025-02-08T17:11:35.178407Z[0m [31mERROR[0m [2mglazewm[0m[2m:[0m Program path is not valid for command 'C:\Users\AMIT\AppData\Local\Programs\Opera\opera.exe'.
[2m2025-02-09T20:11:35.111889Z[0m [31mERROR[0m [2mglazewm[0m[2m:[0m No common ancestor between containers.
[2m2025-02-15T17:39:50.264016Z[0m [31mERROR[0m [2mglazewm[0m[2m:[0m Program path is not valid for command 'C:\Users\AMIT\scoop\apps\vscode\current\Code.exe'.
[2m2025-04-19T15:17:42.855101Z[0m [31mERROR[0m [2mglazewm[0m[2m:[0m Program path is not valid for command 'C:\Users\AMIT\scoop\apps\vscode\current\Code.exe'.
[2m2025-04-23T15:15:36.971927Z[0m [31mERROR[0m [2mglazewm[0m[2m:[0m Another instance of the application is already running.
[2m2025-06-21T14:49:28.676549Z[0m [31mERROR[0m [2mglazewm[0m[2m:[0m Another instance of the application is already running.
[2m2025-06-24T04:57:05.059975Z[0m [31mERROR[0m [2mglazewm[0m[2m:[0m Another instance of the application is already running.
